Building DAG of jobs...
Using shell: /usr/bin/bash
Provided cores: 16
Rules claiming more threads will be scaled down.
Conda environments: ignored
Job stats:
job      count    min threads    max threads
-----  -------  -------------  -------------
fastp        1              1              1
total        1              1              1

Select jobs to execute...

[Mon Jan 23 16:18:42 2023]
rule fastp:
    input: ../original_fastq/FastqExamples/RV417026_S15_L001_R1_001.fastq.gz, ../original_fastq/FastqExamples/RV417026_S15_L001_R2_001.fastq.gz
    output: filrered_result/RV417026_S15_L001_R1_001.cleaned.fastq.gz, filrered_result/RV417026_S15_L001_R2_001.cleaned.fastq.gz
    jobid: 0
    reason: Software environment definition has changed since last execution
    resources: tmpdir=/tmp

fastp -i ../original_fastq/FastqExamples/RV417026_S15_L001_R1_001.fastq.gz -o filrered_result/RV417026_S15_L001_R1_001.cleaned.fastq.gz -I ../original_fastq/FastqExamples/RV417026_S15_L001_R2_001.fastq.gz -O filrered_result/RV417026_S15_L001_R2_001.cleaned.fastq.gz -q 20 -c -y -l 50 -g -p -f 10 -n 5 --adapter_sequence GCGAATTTCGACGATCGTTGCATTAACTCGCGAA --adapter_sequence_r2 AGATCGGAAGAGCGTCGTGTAGGGAAAGAGTGT
[Mon Jan 23 16:19:04 2023]
Finished job 0.
1 of 1 steps (100%) done
Complete log: .snakemake/log/2023-01-23T161842.195816.snakemake.log
