Building DAG of jobs...
Using shell: /usr/bin/bash
Provided cores: 16
Rules claiming more threads will be scaled down.
Conda environments: ignored
Job stats:
job             count    min threads    max threads
------------  -------  -------------  -------------
all                 1              1              1
fastqc_first        2              1              1
total               3              1              1

Select jobs to execute...

[Mon Jan 23 15:07:47 2023]
rule fastqc_first:
    input: ../original_fastq/FastqExamples/RV417026_S15_L001_R1_001.fastq.gz
    output: ../fastqc_result/RV417026_S15_L001_R1_001_fastqc.html
    jobid: 1
    reason: Missing output files: ../fastqc_result/RV417026_S15_L001_R1_001_fastqc.html
    wildcards: sample=RV417026_S15_L001_R1_001
    resources: tmpdir=/tmp

fastqc -o {output} -t 16 {input}

[Mon Jan 23 15:07:47 2023]
rule fastqc_first:
    input: ../original_fastq/FastqExamples/RV417026_S15_L001_R2_001.fastq.gz
    output: ../fastqc_result/RV417026_S15_L001_R2_001_fastqc.html
    jobid: 2
    reason: Missing output files: ../fastqc_result/RV417026_S15_L001_R2_001_fastqc.html
    wildcards: sample=RV417026_S15_L001_R2_001
    resources: tmpdir=/tmp

fastqc -o {output} -t 16 {input}
[Mon Jan 23 15:07:48 2023]
[Mon Jan 23 15:07:48 2023]
Error in rule fastqc_first:
    jobid: 1
    input: ../original_fastq/FastqExamples/RV417026_S15_L001_R1_001.fastq.gz
    output: ../fastqc_result/RV417026_S15_L001_R1_001_fastqc.html
    conda-env: /homes/hong.yang/Project-Data-Science-in-Bioinformatics-/workflow/.snakemake/conda/9c366a041dc1312c8bb524256cd9eede_
    shell:
        fastqc -o {output} -t 16 {input}
        (one of the commands exited with non-zero exit code; note that snakemake uses bash strict mode!)

Error in rule fastqc_first:
    jobid: 2
    input: ../original_fastq/FastqExamples/RV417026_S15_L001_R2_001.fastq.gz
    output: ../fastqc_result/RV417026_S15_L001_R2_001_fastqc.html
    conda-env: /homes/hong.yang/Project-Data-Science-in-Bioinformatics-/workflow/.snakemake/conda/9c366a041dc1312c8bb524256cd9eede_
    shell:
        fastqc -o {output} -t 16 {input}
        (one of the commands exited with non-zero exit code; note that snakemake uses bash strict mode!)

Shutting down, this might take some time.
Exiting because a job execution failed. Look above for error message
Complete log: .snakemake/log/2023-01-23T150743.645475.snakemake.log
